<?xml version="1.0" encoding="UTF-8"?>
<testng-results ignored="0" total="2" passed="2" failed="0" skipped="0">
  <reporter-output>
  </reporter-output>
  <suite started-at="2023-01-09T17:41:08 IST" name="Default suite" finished-at="2023-01-09T17:41:40 IST" duration-ms="32105">
    <groups>
    </groups>
    <test started-at="2023-01-09T17:41:08 IST" name="Default test" finished-at="2023-01-09T17:41:40 IST" duration-ms="32105">
      <class name="com.app.tests.Apptest">
        <test-method is-config="true" signature="setup()[pri:0, instance:com.app.tests.Apptest@7bd4937b]" started-at="2023-01-09T17:41:08 IST" name="setup" finished-at="2023-01-09T17:41:15 IST" duration-ms="6814" status="PASS">
          <reporter-output>
          </reporter-output>
        </test-method> <!-- setup -->
        <test-method signature="loginpage()[pri:0, instance:com.app.tests.Apptest@7bd4937b]" started-at="2023-01-09T17:41:15 IST" name="loginpage" finished-at="2023-01-09T17:41:31 IST" duration-ms="16176" status="PASS">
          <reporter-output>
          </reporter-output>
        </test-method> <!-- loginpage -->
        <test-method is-config="true" signature="setup()[pri:0, instance:com.app.tests.Apptest@7bd4937b]" started-at="2023-01-09T17:41:31 IST" name="setup" finished-at="2023-01-09T17:41:37 IST" duration-ms="6090" status="PASS">
          <reporter-output>
          </reporter-output>
        </test-method> <!-- setup -->
        <test-method signature="verify()[pri:0, instance:com.app.tests.Apptest@7bd4937b]" started-at="2023-01-09T17:41:37 IST" name="verify" finished-at="2023-01-09T17:41:40 IST" duration-ms="2989" status="PASS">
          <reporter-output>
          </reporter-output>
        </test-method> <!-- verify -->
      </class> <!-- com.app.tests.Apptest -->
    </test> <!-- Default test -->
  </suite> <!-- Default suite -->
</testng-results>
