<?xml version="1.0" encoding="UTF-8"?>
<testng-results ignored="1" total="2" passed="1" failed="0" skipped="0">
  <reporter-output>
  </reporter-output>
  <suite started-at="2023-01-09T20:26:38 IST" name="Default suite" finished-at="2023-01-09T20:27:01 IST" duration-ms="22240">
    <groups>
    </groups>
    <test started-at="2023-01-09T20:26:38 IST" name="Default test" finished-at="2023-01-09T20:27:01 IST" duration-ms="22240">
      <class name="com.app.tests.Apptest">
        <test-method is-config="true" signature="setup()[pri:0, instance:com.app.tests.Apptest@52af26ee]" started-at="2023-01-09T20:26:38 IST" name="setup" finished-at="2023-01-09T20:26:43 IST" duration-ms="4725" status="PASS">
          <reporter-output>
          </reporter-output>
        </test-method> <!-- setup -->
        <test-method signature="loginpage()[pri:0, instance:com.app.tests.Apptest@52af26ee]" started-at="2023-01-09T20:26:43 IST" name="loginpage" finished-at="2023-01-09T20:27:01 IST" duration-ms="17467" status="PASS">
          <reporter-output>
          </reporter-output>
        </test-method> <!-- loginpage -->
      </class> <!-- com.app.tests.Apptest -->
    </test> <!-- Default test -->
  </suite> <!-- Default suite -->
</testng-results>
